Sending build context to Docker daemon  2.048kB
Step 1/2 : FROM alpine:3.8
3.8: Pulling from library/alpine
c87736221ed0: Pulling fs layer
c87736221ed0: Verifying Checksum
c87736221ed0: Download complete
c87736221ed0: Pull complete
Digest: sha256:ea47a59a33f41270c02c8c7764e581787cf5b734ab10d27e876e62369a864459
Status: Downloaded newer image for alpine:3.8
 ---> dac705114996
Step 2/2 : RUN apk update  && apk add bash sqlite
 ---> Running in 56df268c3850
fetch http://dl-cdn.alpinelinux.org/alpine/v3.8/main/x86_64/APKINDEX.tar.gz
fetch http://dl-cdn.alpinelinux.org/alpine/v3.8/community/x86_64/APKINDEX.tar.gz
v3.8.4-70-g4f612b20d6 [http://dl-cdn.alpinelinux.org/alpine/v3.8/main]
v3.8.4-65-g31b2b4fe07 [http://dl-cdn.alpinelinux.org/alpine/v3.8/community]
OK: 9558 distinct packages available
(1/6) Installing ncurses-terminfo-base (6.1_p20180818-r1)
(2/6) Installing ncurses-terminfo (6.1_p20180818-r1)
(3/6) Installing ncurses-libs (6.1_p20180818-r1)
(4/6) Installing readline (7.0.003-r0)
(5/6) Installing bash (4.4.19-r1)
Executing bash-4.4.19-r1.post-install
(6/6) Installing sqlite (3.25.3-r0)
Executing busybox-1.28.4-r3.trigger
OK: 14 MiB in 19 packages
 ---> 47eee992d7e8
Removing intermediate container 56df268c3850
Successfully built 47eee992d7e8
Successfully tagged alpine-3.8-bash-sqlite3:latest
		stdout: FAIL
--- test_shmig_stdout.expected
+++ stdout.actual
@@ -4,16 +4,12 @@
 
 status
 ---------------
-Applied migrations:
-1485643154|*now*
 
 rollback
 ---------------
 
 pending
 ---------------
-1485643154-create_table.sql
-1485648520-testdata.sql
 
 migrate
 ---------------
@@ -23,9 +19,6 @@
 
 status
 ---------------
-Applied migrations:
-1485643154|*now*
 
 pending
 ---------------
-1485648520-testdata.sql
		stderr: FAIL
--- test_shmig_stderr.expected
+++ stderr.actual
@@ -1,6 +1,8 @@
-shmig: creating migrations table: shmig_version
-shmig: applying  'create_table'	(1485643154)... done
-shmig: reverting 'create_table'	(1485643154)... done
-shmig: applying  'create_table'	(1485643154)... done
-shmig: applying  'testdata'	(1485648520)... done
-shmig: reverting 'testdata'	(1485648520)... done
+Error: unknown command or invalid arguments:  "/sql/test.db". Enter ".help" for help
+Error: unknown command or invalid arguments:  "/sql/test.db". Enter ".help" for help
+Error: unknown command or invalid arguments:  "/sql/test.db". Enter ".help" for help
+Error: unknown command or invalid arguments:  "/sql/test.db". Enter ".help" for help
+Error: unknown command or invalid arguments:  "/sql/test.db". Enter ".help" for help
+Error: unknown command or invalid arguments:  "/sql/test.db". Enter ".help" for help
+Error: unknown command or invalid arguments:  "/sql/test.db". Enter ".help" for help
+Error: unknown command or invalid arguments:  "/sql/test.db". Enter ".help" for help
