Sending build context to Docker daemon  2.048kB
Step 1/2 : FROM alpine:3.8
 ---> dac705114996
Step 2/2 : RUN apk update  && apk add bash mysql-client
 ---> Running in 4e60703baa19
fetch http://dl-cdn.alpinelinux.org/alpine/v3.8/main/x86_64/APKINDEX.tar.gz
fetch http://dl-cdn.alpinelinux.org/alpine/v3.8/community/x86_64/APKINDEX.tar.gz
v3.8.4-83-g1f7ae7dee3 [http://dl-cdn.alpinelinux.org/alpine/v3.8/main]
v3.8.4-65-g31b2b4fe07 [http://dl-cdn.alpinelinux.org/alpine/v3.8/community]
OK: 9558 distinct packages available
(1/10) Installing ncurses-terminfo-base (6.1_p20180818-r1)
(2/10) Installing ncurses-terminfo (6.1_p20180818-r1)
(3/10) Installing ncurses-libs (6.1_p20180818-r1)
(4/10) Installing readline (7.0.003-r0)
(5/10) Installing bash (4.4.19-r1)
Executing bash-4.4.19-r1.post-install
(6/10) Installing mariadb-common (10.2.24-r0)
(7/10) Installing libgcc (6.4.0-r9)
(8/10) Installing libstdc++ (6.4.0-r9)
(9/10) Installing mariadb-client (10.2.24-r0)
(10/10) Installing mysql-client (10.2.24-r0)
Executing busybox-1.28.4-r3.trigger
OK: 45 MiB in 23 packages
 ---> 9e8677db3bb5
Removing intermediate container 4e60703baa19
Successfully built 9e8677db3bb5
Successfully tagged alpine-3.8-bash-mysql-5.7:latest
		stdout: PASS
		stderr: PASS
